#
# A fatal error has been detected by the Java Runtime Environment:
#
#  SIGSEGV (0xb) at pc=0x000000010128b195, pid=1083, tid=16387
#
# JRE version: Java(TM) SE Runtime Environment (8.0_45-b14) (build 1.8.0_45-b14)
# Java VM: Java HotSpot(TM) 64-Bit Server VM (25.45-b02 mixed mode bsd-amd64 compressed oops)
# Problematic frame:
# V  [libjvm.dylib+0x48b195]  Parse::do_one_bytecode()+0x1d37
#
# Failed to write core dump. Core dumps have been disabled. To enable core dumping, try "ulimit -c unlimited" before starting Java again
#
# If you would like to submit a bug report, please visit:
#   http://bugreport.java.com/bugreport/crash.jsp
#

---------------  T H R E A D  ---------------

Current thread (0x00007ffc8b81d000):  JavaThread "C2 CompilerThread0" daemon [_thread_in_native, id=16387, stack(0x00000001168fe000,0x00000001169fe000)]

siginfo: si_signo: 11 (SIGSEGV), si_code: 1 (SEGV_MAPERR), si_addr: 0x000000000000273b

Registers:
RAX=0x00000001169fc4d0, RBX=0x00000001169fc1e0, RCX=0x000000010128dea0, RDX=0x00000001013eda68
RSP=0x00000001169fc080, RBP=0x00000001169fc0e0, RSI=0x00000000000027b0, RDI=0x00000001169fcf88
R8 =0x0000000000000001, R9 =0x0000000000000000, R10=0x000000007ffffffe, R11=0x0000000000001040
R12=0x00000001013b4db1, R13=0x0000000000000053, R14=0x0000000000000082, R15=0x00000001169fcf88
RIP=0x000000010128b195, EFLAGS=0x0000000000010207, ERR=0x0000000000000006
  TRAPNO=0x000000000000000e

Top of Stack: (sp=0x00000001169fc080)
0x00000001169fc080:   00007ffc8c328d38 0000000000000000
0x00000001169fc090:   00007ffc8c32bea8 00007ffc8c32bef8
0x00000001169fc0a0:   00000001169fc0c0 0000000101254403
0x00000001169fc0b0:   00000001169fc0e0 00000001169fc1e0
0x00000001169fc0c0:   00000001013b4db1 0000000000000053
0x00000001169fc0d0:   00000001169fc2d8 0000000000000000
0x00000001169fc0e0:   00000001169fc110 0000000101283ec1
0x00000001169fc0f0:   0000000000000000 00000001169fc4d0
0x00000001169fc100:   00000001169fc1e0 00007ffc8c32bc68
0x00000001169fc110:   00000001169fc180 00000001012841c5
0x00000001169fc120:   00007ffc8c328ce8 00007ffc8b826210
0x00000001169fc130:   00007ffc8b7b7a00 00000000000000d0
0x00000001169fc140:   00007ffc8b7b7a00 00007ffc8b7b7ad0
0x00000001169fc150:   00000002169fc1e0 00007ffc8b7b7a00
0x00000001169fc160:   0000000000000014 0000000000000000
0x00000001169fc170:   00007ffc8c328b80 00000001169fc1e0
0x00000001169fc180:   00000001169fc1d0 0000000101285da3
0x00000001169fc190:   00007ffc8c711ee0 0000000000000000
0x00000001169fc1a0:   0000000000000000 00007ffc8c2822f0
0x00000001169fc1b0:   00007ffc8a658f30 00000001169fcf88
0x00000001169fc1c0:   00007ffc8b7b79e0 00000001169fcf88
0x00000001169fc1d0:   00000001169fc350 0000000100f4c0ce
0x00000001169fc1e0:   000000010160ca30 00007ffc00000001
0x00000001169fc1f0:   00000001169fcf88 00000001169fda90
0x00000001169fc200:   00000001169fc4d0 00007ffc8c32bef8
0x00000001169fc210:   0000000000000000 0000000100000023
0x00000001169fc220:   00007ffc8c70d6a0 0000000000000002
0x00000001169fc230:   00007ffc8c2822f0 3f8000004477c000
0x00000001169fc240:   00007ffc00000001 00007ffc8d216578
0x00000001169fc250:   00000001ffffffff 00007ffc8c70e710
0x00000001169fc260:   00007ffc8b7b7a00 0000000100000015
0x00000001169fc270:   0000000101606280 0000000100000001 

Instructions: (pc=0x000000010128b195)
0x000000010128b175:   5f 5d c3 44 8b 73 48 41 ff ce 44 03 70 10 4e 8b
0x000000010128b185:   34 f1 4c 8b 7b 10 48 8b 43 20 48 49 38 44 03 71
0x000000010128b195:   10 4e 8b 34 f0 4c 8b 63 10 48 8b 03 70 10 4e 8b
0x000000010128b1a5:   34 f1 4c 8b 7b 10 48 8b 43 20 48 08 48 8b 49 38 

Register to memory mapping:

RAX=0x00000001169fc4d0 is pointing into the stack for thread: 0x00007ffc8b81d000
RBX=0x00000001169fc1e0 is pointing into the stack for thread: 0x00007ffc8b81d000
RCX=0x000000010128dea0: _ZN5Parse15do_one_bytecodeEv+0x4a42 in /Library/Java/JavaVirtualMachines/jdk1.8.0_45.jdk/Contents/Home/jre/lib/server/libjvm.dylib at 0x0000000100e00000
RDX=0x00000001013eda68: _ZZN12outputStream10date_stampEbPKcS1_E10error_time+0xb10 in /Library/Java/JavaVirtualMachines/jdk1.8.0_45.jdk/Contents/Home/jre/lib/server/libjvm.dylib at 0x0000000100e00000
RSP=0x00000001169fc080 is pointing into the stack for thread: 0x00007ffc8b81d000
RBP=0x00000001169fc0e0 is pointing into the stack for thread: 0x00007ffc8b81d000
RSI=0x00000000000027b0 is an unknown value
RDI=0x00000001169fcf88 is pointing into the stack for thread: 0x00007ffc8b81d000
R8 =0x0000000000000001 is an unknown value
R9 =0x0000000000000000 is an unknown value
R10=0x000000007ffffffe is an unknown value
R11=0x0000000000001040 is an unknown value
R12=0x00000001013b4db1: _ZN26YieldingFlexibleGangWorkerD1Ev+0xd013 in /Library/Java/JavaVirtualMachines/jdk1.8.0_45.jdk/Contents/Home/jre/lib/server/libjvm.dylib at 0x0000000100e00000
R13=0x0000000000000053 is an unknown value
R14=0x0000000000000082 is an unknown value
R15=0x00000001169fcf88 is pointing into the stack for thread: 0x00007ffc8b81d000


Stack: [0x00000001168fe000,0x00000001169fe000],  sp=0x00000001169fc080,  free space=1016k
Native frames: (J=compiled Java code, j=interpreted, Vv=VM code, C=native code)
V  [libjvm.dylib+0x48b195]  Parse::do_one_bytecode()+0x1d37
V  [libjvm.dylib+0x483ec1]  Parse::do_one_block()+0xc1
V  [libjvm.dylib+0x4841c5]  Parse::do_all_blocks()+0x271
V  [libjvm.dylib+0x485da3]  Parse::Parse(JVMState*, ciMethod*, float)+0x57d
V  [libjvm.dylib+0x14c0ce]  ParseGenerator::generate(JVMState*)+0x64
V  [libjvm.dylib+0x1acb61]  Compile::Compile(ciEnv*, C2Compiler*, ciMethod*, int, bool, bool, bool)+0x6c9
V  [libjvm.dylib+0x14bab6]  C2Compiler::compile_method(ciEnv*, ciMethod*, int)+0xac
V  [libjvm.dylib+0x1b03ee]  CompileBroker::invoke_compiler_on_method(CompileTask*)+0x5b2
V  [libjvm.dylib+0x1b2935]  CompileBroker::compiler_thread_loop()+0x291
V  [libjvm.dylib+0x549acf]  JavaThread::thread_main_inner()+0x9b
V  [libjvm.dylib+0x54b1c0]  JavaThread::run()+0x1c2
V  [libjvm.dylib+0x46ea7e]  java_start(Thread*)+0xf6
C  [libsystem_pthread.dylib+0x405a]  _pthread_body+0x83
C  [libsystem_pthread.dylib+0x3fd7]  _pthread_body+0x0
C  [libsystem_pthread.dylib+0x13ed]  thread_start+0xd
C  0x0000000000000000


Current CompileTask:
C2:  36510 2211       4       sun.security.provider.SHA::implCompress (491 bytes)


---------------  P R O C E S S  ---------------

Java Threads: ( => current thread )
  0x00007ffc8c022000 JavaThread "Service Thread" daemon [_thread_blocked, id=17923, stack(0x0000000116c07000,0x0000000116d07000)]
  0x00007ffc8c040000 JavaThread "C1 CompilerThread2" daemon [_thread_blocked, id=17411, stack(0x0000000116b04000,0x0000000116c04000)]
  0x00007ffc8b851000 JavaThread "C2 CompilerThread1" daemon [_thread_blocked, id=16899, stack(0x0000000116a01000,0x0000000116b01000)]
=>0x00007ffc8b81d000 JavaThread "C2 CompilerThread0" daemon [_thread_in_native, id=16387, stack(0x00000001168fe000,0x00000001169fe000)]
  0x00007ffc8b806000 JavaThread "Signal Dispatcher" daemon [_thread_blocked, id=12559, stack(0x00000001167fb000,0x00000001168fb000)]
  0x00007ffc8b033000 JavaThread "Finalizer" daemon [_thread_blocked, id=11523, stack(0x0000000114e6b000,0x0000000114f6b000)]
  0x00007ffc8c015000 JavaThread "Reference Handler" daemon [_thread_blocked, id=11011, stack(0x0000000114d68000,0x0000000114e68000)]
  0x00007ffc8c005000 JavaThread "main" [_thread_in_native, id=4867, stack(0x0000000101d6a000,0x0000000101e6a000)]

Other Threads:
  0x00007ffc8a816800 VMThread [stack: 0x0000000114c65000,0x0000000114d65000] [id=10499]
  0x00007ffc8b037000 WatcherThread [stack: 0x0000000116d0a000,0x0000000116e0a000] [id=18435]

VM state:not at safepoint (normal execution)

VM Mutex/Monitor currently owned by a thread: None

Heap:
 PSYoungGen      total 38400K, used 26337K [0x00000007b0000000, 0x00000007b2a80000, 0x00000007c0000000)
  eden space 33280K, 63% used [0x00000007b0000000,0x00000007b14bdfb0,0x00000007b2080000)
  from space 5120K, 99% used [0x00000007b2580000,0x00000007b2a7a6f0,0x00000007b2a80000)
  to   space 5120K, 0% used [0x00000007b2080000,0x00000007b2080000,0x00000007b2580000)
 ParOldGen       total 43008K, used 8238K [0x0000000790000000, 0x0000000792a00000, 0x00000007b0000000)
  object space 43008K, 19% used [0x0000000790000000,0x000000079080baa8,0x0000000792a00000)
 Metaspace       used 29701K, capacity 29912K, committed 30208K, reserved 1075200K
  class space    used 5021K, capacity 5062K, committed 5120K, reserved 1048576K

Card table byte_map: [0x000000011122c000,0x00000001113ad000] byte_map_base: 0x000000010d5ac000

Marking Bits: (ParMarkBitMap*) 0x00000001016c27a0
 Begin Bits: [0x00000001118b9000, 0x00000001124b9000)
 End Bits:   [0x00000001124b9000, 0x00000001130b9000)

Polling page: 0x000000010054e000

CodeCache: size=245760Kb used=6638Kb max_used=6650Kb free=239121Kb
 bounds [0x0000000101e6c000, 0x00000001024fc000, 0x0000000110e6c000]
 total_blobs=2571 nmethods=2211 adapters=271
 compilation: enabled

Compilation events (10 events):
Event: 35.941 Thread 0x00007ffc8c040000 2206       3       scala.collection.mutable.ArrayOps$ofByte::repr (5 bytes)
Event: 35.941 Thread 0x00007ffc8c040000 nmethod 2206 0x00000001024df010 code [0x00000001024df180, 0x00000001024df370]
Event: 35.941 Thread 0x00007ffc8c040000 2207       3       scala.reflect.ManifestFactory$$anon$6::runtimeClass (4 bytes)
Event: 35.941 Thread 0x00007ffc8c040000 nmethod 2207 0x00000001024decd0 code [0x00000001024dee40, 0x00000001024def90]
Event: 35.941 Thread 0x00007ffc8c040000 2208       3       scala.collection.mutable.ArrayOps$ofByte::size (5 bytes)
Event: 35.942 Thread 0x00007ffc8c040000 nmethod 2208 0x00000001024de5d0 code [0x00000001024de740, 0x00000001024dead0]
Event: 35.942 Thread 0x00007ffc8c040000 2209       3       scala.collection.mutable.ArrayOps$ofByte::thisCollection (11 bytes)
Event: 35.942 Thread 0x00007ffc8c040000 nmethod 2209 0x00000001024e8550 code [0x00000001024e86e0, 0x00000001024e8aa8]
Event: 35.942 Thread 0x00007ffc8b81d000 2211       4       sun.security.provider.SHA::implCompress (491 bytes)
Event: 35.947 Thread 0x00007ffc8b851000 nmethod 2195 0x00000001024ec590 code [0x00000001024ec860, 0x00000001024edac0]

GC Heap History (10 events):
Event: 20.833 GC heap before
{Heap before GC invocations=1 (full 0):
 PSYoungGen      total 38400K, used 33280K [0x00000007b0000000, 0x00000007b2a80000, 0x00000007c0000000)
  eden space 33280K, 100% used [0x00000007b0000000,0x00000007b2080000,0x00000007b2080000)
  from space 5120K, 0% used [0x00000007b2580000,0x00000007b2580000,0x00000007b2a80000)
  to   space 5120K, 0% used [0x00000007b2080000,0x00000007b2080000,0x00000007b2580000)
 ParOldGen       total 87552K, used 0K [0x0000000790000000, 0x0000000795580000, 0x00000007b0000000)
  object space 87552K, 0% used [0x0000000790000000,0x0000000790000000,0x0000000795580000)
 Metaspace       used 9734K, capacity 10662K, committed 10880K, reserved 1058816K
  class space    used 1535K, capacity 1590K, committed 1664K, reserved 1048576K
Event: 20.842 GC heap after
Heap after GC invocations=1 (full 0):
 PSYoungGen      total 38400K, used 5097K [0x00000007b0000000, 0x00000007b2a80000, 0x00000007c0000000)
  eden space 33280K, 0% used [0x00000007b0000000,0x00000007b0000000,0x00000007b2080000)
  from space 5120K, 99% used [0x00000007b2080000,0x00000007b257a648,0x00000007b2580000)
  to   space 5120K, 0% used [0x00000007b2580000,0x00000007b2580000,0x00000007b2a80000)
 ParOldGen       total 87552K, used 1166K [0x0000000790000000, 0x0000000795580000, 0x00000007b0000000)
  object space 87552K, 1% used [0x0000000790000000,0x00000007901238c8,0x0000000795580000)
 Metaspace       used 9734K, capacity 10662K, committed 10880K, reserved 1058816K
  class space    used 1535K, capacity 1590K, committed 1664K, reserved 1048576K
}
Event: 27.915 GC heap before
{Heap before GC invocations=2 (full 0):
 PSYoungGen      total 38400K, used 38377K [0x00000007b0000000, 0x00000007b2a80000, 0x00000007c0000000)
  eden space 33280K, 100% used [0x00000007b0000000,0x00000007b2080000,0x00000007b2080000)
  from space 5120K, 99% used [0x00000007b2080000,0x00000007b257a648,0x00000007b2580000)
  to   space 5120K, 0% used [0x00000007b2580000,0x00000007b2580000,0x00000007b2a80000)
 ParOldGen       total 87552K, used 1166K [0x0000000790000000, 0x0000000795580000, 0x00000007b0000000)
  object space 87552K, 1% used [0x0000000790000000,0x00000007901238c8,0x0000000795580000)
 Metaspace       used 15397K, capacity 15590K, committed 15744K, reserved 1062912K
  class space    used 2605K, capacity 2658K, committed 2688K, reserved 1048576K
Event: 27.925 GC heap after
Heap after GC invocations=2 (full 0):
 PSYoungGen      total 38400K, used 5117K [0x00000007b0000000, 0x00000007b2a80000, 0x00000007c0000000)
  eden space 33280K, 0% used [0x00000007b0000000,0x00000007b0000000,0x00000007b2080000)
  from space 5120K, 99% used [0x00000007b2580000,0x00000007b2a7f710,0x00000007b2a80000)
  to   space 5120K, 0% used [0x00000007b2080000,0x00000007b2080000,0x00000007b2580000)
 ParOldGen       total 87552K, used 2358K [0x0000000790000000, 0x0000000795580000, 0x00000007b0000000)
  object space 87552K, 2% used [0x0000000790000000,0x000000079024d988,0x0000000795580000)
 Metaspace       used 15397K, capacity 15590K, committed 15744K, reserved 1062912K
  class space    used 2605K, capacity 2658K, committed 2688K, reserved 1048576K
}
Event: 29.532 GC heap before
{Heap before GC invocations=3 (full 0):
 PSYoungGen      total 38400K, used 25650K [0x00000007b0000000, 0x00000007b2a80000, 0x00000007c0000000)
  eden space 33280K, 61% used [0x00000007b0000000,0x00000007b140d278,0x00000007b2080000)
  from space 5120K, 99% used [0x00000007b2580000,0x00000007b2a7f710,0x00000007b2a80000)
  to   space 5120K, 0% used [0x00000007b2080000,0x00000007b2080000,0x00000007b2580000)
 ParOldGen       total 87552K, used 2358K [0x0000000790000000, 0x0000000795580000, 0x00000007b0000000)
  object space 87552K, 2% used [0x0000000790000000,0x000000079024d988,0x0000000795580000)
 Metaspace       used 20961K, capacity 21158K, committed 21296K, reserved 1067008K
  class space    used 3645K, capacity 3682K, committed 3712K, reserved 1048576K
Event: 29.540 GC heap after
Heap after GC invocations=3 (full 0):
 PSYoungGen      total 38400K, used 5117K [0x00000007b0000000, 0x00000007b2a80000, 0x00000007c0000000)
  eden space 33280K, 0% used [0x00000007b0000000,0x00000007b0000000,0x00000007b2080000)
  from space 5120K, 99% used [0x00000007b2080000,0x00000007b257f750,0x00000007b2580000)
  to   space 5120K, 0% used [0x00000007b2580000,0x00000007b2580000,0x00000007b2a80000)
 ParOldGen       total 87552K, used 4673K [0x0000000790000000, 0x0000000795580000, 0x00000007b0000000)
  object space 87552K, 5% used [0x0000000790000000,0x0000000790490788,0x0000000795580000)
 Metaspace       used 20961K, capacity 21158K, committed 21296K, reserved 1067008K
  class space    used 3645K, capacity 3682K, committed 3712K, reserved 1048576K
}
Event: 29.540 GC heap before
{Heap before GC invocations=4 (full 1):
 PSYoungGen      total 38400K, used 5117K [0x00000007b0000000, 0x00000007b2a80000, 0x00000007c0000000)
  eden space 33280K, 0% used [0x00000007b0000000,0x00000007b0000000,0x00000007b2080000)
  from space 5120K, 99% used [0x00000007b2080000,0x00000007b257f750,0x00000007b2580000)
  to   space 5120K, 0% used [0x00000007b2580000,0x00000007b2580000,0x00000007b2a80000)
 ParOldGen       total 87552K, used 4673K [0x0000000790000000, 0x0000000795580000, 0x00000007b0000000)
  object space 87552K, 5% used [0x0000000790000000,0x0000000790490788,0x0000000795580000)
 Metaspace       used 20961K, capacity 21158K, committed 21296K, reserved 1067008K
  class space    used 3645K, capacity 3682K, committed 3712K, reserved 1048576K
Event: 29.571 GC heap after
Heap after GC invocations=4 (full 1):
 PSYoungGen      total 38400K, used 0K [0x00000007b0000000, 0x00000007b2a80000, 0x00000007c0000000)
  eden space 33280K, 0% used [0x00000007b0000000,0x00000007b0000000,0x00000007b2080000)
  from space 5120K, 0% used [0x00000007b2080000,0x00000007b2080000,0x00000007b2580000)
  to   space 5120K, 0% used [0x00000007b2580000,0x00000007b2580000,0x00000007b2a80000)
 ParOldGen       total 43008K, used 7141K [0x0000000790000000, 0x0000000792a00000, 0x00000007b0000000)
  object space 43008K, 16% used [0x0000000790000000,0x00000007906f9638,0x0000000792a00000)
 Metaspace       used 20961K, capacity 21158K, committed 21296K, reserved 1067008K
  class space    used 3645K, capacity 3682K, committed 3712K, reserved 1048576K
}
Event: 32.997 GC heap before
{Heap before GC invocations=5 (full 1):
 PSYoungGen      total 38400K, used 33280K [0x00000007b0000000, 0x00000007b2a80000, 0x00000007c0000000)
  eden space 33280K, 100% used [0x00000007b0000000,0x00000007b2080000,0x00000007b2080000)
  from space 5120K, 0% used [0x00000007b2080000,0x00000007b2080000,0x00000007b2580000)
  to   space 5120K, 0% used [0x00000007b2580000,0x00000007b2580000,0x00000007b2a80000)
 ParOldGen       total 43008K, used 7141K [0x0000000790000000, 0x0000000792a00000, 0x00000007b0000000)
  object space 43008K, 16% used [0x0000000790000000,0x00000007906f9638,0x0000000792a00000)
 Metaspace       used 25580K, capacity 25810K, committed 25984K, reserved 1071104K
  class space    used 4394K, capacity 4420K, committed 4480K, reserved 1048576K
Event: 33.002 GC heap after
Heap after GC invocations=5 (full 1):
 PSYoungGen      total 38400K, used 5097K [0x00000007b0000000, 0x00000007b2a80000, 0x00000007c0000000)
  eden space 33280K, 0% used [0x00000007b0000000,0x00000007b0000000,0x00000007b2080000)
  from space 5120K, 99% used [0x00000007b2580000,0x00000007b2a7a6f0,0x00000007b2a80000)
  to   space 5120K, 0% used [0x00000007b2080000,0x00000007b2080000,0x00000007b2580000)
 ParOldGen       total 43008K, used 8238K [0x0000000790000000, 0x0000000792a00000, 0x00000007b0000000)
  object space 43008K, 19% used [0x0000000790000000,0x000000079080baa8,0x0000000792a00000)
 Metaspace       used 25580K, capacity 25810K, committed 25984K, reserved 1071104K
  class space    used 4394K, capacity 4420K, committed 4480K, reserved 1048576K
}

Deoptimization events (10 events):
Event: 28.998 Thread 0x00007ffc8c005000 Uncommon trap: reason=unstable_if action=reinterpret pc=0x00000001021b4ec4 method=java.util.HashMap.getNode(ILjava/lang/Object;)Ljava/util/HashMap$Node; @ 62
Event: 32.227 Thread 0x00007ffc8c005000 Uncommon trap: reason=unstable_if action=reinterpret pc=0x00000001022b8ec8 method=scala.reflect.internal.SymbolTable.NoSymbol()Lscala/reflect/internal/Symbols$NoSymbol; @ 9
Event: 32.230 Thread 0x00007ffc8c005000 Uncommon trap: reason=class_check action=maybe_recompile pc=0x0000000102320d88 method=scala.reflect.internal.Symbols$Symbol.hasFlag(J)Z @ 4
Event: 32.247 Thread 0x00007ffc8c005000 Uncommon trap: reason=class_check action=maybe_recompile pc=0x0000000102320d88 method=scala.reflect.internal.Symbols$Symbol.hasFlag(J)Z @ 4
Event: 32.250 Thread 0x00007ffc8c005000 Uncommon trap: reason=class_check action=maybe_recompile pc=0x0000000102320d88 method=scala.reflect.internal.Symbols$Symbol.hasFlag(J)Z @ 4
Event: 32.250 Thread 0x00007ffc8c005000 Uncommon trap: reason=class_check action=maybe_recompile pc=0x0000000102320d88 method=scala.reflect.internal.Symbols$Symbol.hasFlag(J)Z @ 4
Event: 32.253 Thread 0x00007ffc8c005000 Uncommon trap: reason=class_check action=maybe_recompile pc=0x000000010227e7fc method=scala.reflect.runtime.JavaMirrors$JavaMirror$unpickler$.global()Lscala/reflect/internal/SymbolTable; @ 4
Event: 32.253 Thread 0x00007ffc8c005000 Uncommon trap: reason=class_check action=maybe_recompile pc=0x000000010227e7fc method=scala.reflect.runtime.JavaMirrors$JavaMirror$unpickler$.global()Lscala/reflect/internal/SymbolTable; @ 4
Event: 32.253 Thread 0x00007ffc8c005000 Uncommon trap: reason=class_check action=maybe_recompile pc=0x000000010227e7fc method=scala.reflect.runtime.JavaMirrors$JavaMirror$unpickler$.global()Lscala/reflect/internal/SymbolTable; @ 4
Event: 32.253 Thread 0x00007ffc8c005000 Uncommon trap: reason=class_check action=maybe_recompile pc=0x000000010227e7fc method=scala.reflect.runtime.JavaMirrors$JavaMirror$unpickler$.global()Lscala/reflect/internal/SymbolTable; @ 4

Internal exceptions (10 events):
Event: 29.726 Thread 0x00007ffc8c005000 Exception <a 'java/lang/ClassNotFoundException': scala/reflect/ScalaSignature> (0x00000007b0102ee8) thrown at [/Users/java_re/workspace/8-2-build-macosx-x86_64/jdk8u45/3457/hotspot/src/share/vm/classfile/systemDictionary.cpp, line 210]
Event: 29.726 Thread 0x00007ffc8c005000 Exception <a 'java/lang/ClassNotFoundException': scala/reflect/ScalaLongSignature> (0x00000007b0103600) thrown at [/Users/java_re/workspace/8-2-build-macosx-x86_64/jdk8u45/3457/hotspot/src/share/vm/classfile/systemDictionary.cpp, line 210]
Event: 29.730 Thread 0x00007ffc8c005000 Exception <a 'java/lang/ClassNotFoundException': scala/reflect/ScalaSignature> (0x00000007b0111c28) thrown at [/Users/java_re/workspace/8-2-build-macosx-x86_64/jdk8u45/3457/hotspot/src/share/vm/classfile/systemDictionary.cpp, line 210]
Event: 29.730 Thread 0x00007ffc8c005000 Exception <a 'java/lang/ClassNotFoundException': scala/reflect/ScalaLongSignature> (0x00000007b0112340) thrown at [/Users/java_re/workspace/8-2-build-macosx-x86_64/jdk8u45/3457/hotspot/src/share/vm/classfile/systemDictionary.cpp, line 210]
Event: 29.736 Thread 0x00007ffc8c005000 Exception <a 'java/lang/ClassNotFoundException': scala/reflect/ScalaSignature> (0x00000007b0120e38) thrown at [/Users/java_re/workspace/8-2-build-macosx-x86_64/jdk8u45/3457/hotspot/src/share/vm/classfile/systemDictionary.cpp, line 210]
Event: 29.736 Thread 0x00007ffc8c005000 Exception <a 'java/lang/ClassNotFoundException': scala/reflect/ScalaLongSignature> (0x00000007b01213c0) thrown at [/Users/java_re/workspace/8-2-build-macosx-x86_64/jdk8u45/3457/hotspot/src/share/vm/classfile/systemDictionary.cpp, line 210]
Event: 29.738 Thread 0x00007ffc8c005000 Exception <a 'java/lang/ArrayIndexOutOfBoundsException'> (0x00000007b01261c8) thrown at [/Users/java_re/workspace/8-2-build-macosx-x86_64/jdk8u45/3457/hotspot/src/share/vm/runtime/sharedRuntime.cpp, line 605]
Event: 32.364 Thread 0x00007ffc8c005000 Exception <a 'java/lang/ArrayIndexOutOfBoundsException'> (0x00000007b1af7828) thrown at [/Users/java_re/workspace/8-2-build-macosx-x86_64/jdk8u45/3457/hotspot/src/share/vm/runtime/sharedRuntime.cpp, line 605]
Event: 32.466 Thread 0x00007ffc8c005000 Exception <a 'java/lang/ArrayIndexOutOfBoundsException'> (0x00000007b1bf7858) thrown at [/Users/java_re/workspace/8-2-build-macosx-x86_64/jdk8u45/3457/hotspot/src/share/vm/runtime/sharedRuntime.cpp, line 605]
Event: 32.476 Thread 0x00007ffc8c005000 Exception <a 'java/lang/ArrayIndexOutOfBoundsException'> (0x00000007b1c15f78) thrown at [/Users/java_re/workspace/8-2-build-macosx-x86_64/jdk8u45/3457/hotspot/src/share/vm/runtime/sharedRuntime.cpp, line 605]

Events (10 events):
Event: 35.941 Thread 0x00007ffc8c005000 DEOPT PACKING pc=0x000000010215d12b sp=0x0000000101e662f0
Event: 35.941 Thread 0x00007ffc8c005000 DEOPT UNPACKING pc=0x0000000101eb3633 sp=0x0000000101e66038 mode 0
Event: 35.942 Thread 0x00007ffc8c005000 DEOPT PACKING pc=0x00000001024cccca sp=0x0000000101e66150
Event: 35.942 Thread 0x00007ffc8c005000 DEOPT UNPACKING pc=0x0000000101eb3633 sp=0x0000000101e65e88 mode 0
Event: 35.942 Thread 0x00007ffc8c005000 DEOPT PACKING pc=0x00000001024cccca sp=0x0000000101e66150
Event: 35.942 Thread 0x00007ffc8c005000 DEOPT UNPACKING pc=0x0000000101eb3633 sp=0x0000000101e65e88 mode 0
Event: 35.942 Thread 0x00007ffc8c005000 DEOPT PACKING pc=0x00000001024cccca sp=0x0000000101e66150
Event: 35.942 Thread 0x00007ffc8c005000 DEOPT UNPACKING pc=0x0000000101eb3633 sp=0x0000000101e65e88 mode 0
Event: 35.947 loading class sbt/compiler/Eval$$anonfun$unlinkDeferred$1
Event: 35.947 loading class sbt/compiler/Eval$$anonfun$unlinkDeferred$1 done


Dynamic libraries:
0x0000000001978000 	/System/Library/Frameworks/Cocoa.framework/Versions/A/Cocoa
0x0000000001978000 	/System/Library/Frameworks/Security.framework/Versions/A/Security
0x0000000001978000 	/System/Library/Frameworks/ApplicationServices.framework/Versions/A/ApplicationServices
0x0000000001978000 	/usr/lib/libz.1.dylib
0x0000000001978000 	/usr/lib/libSystem.B.dylib
0x0000000001978000 	/usr/lib/libobjc.A.dylib
0x0000000001978000 	/System/Library/Frameworks/CoreFoundation.framework/Versions/A/CoreFoundation
0x0000000001978000 	/System/Library/Frameworks/Foundation.framework/Versions/C/Foundation
0x0000000001978000 	/System/Library/Frameworks/AppKit.framework/Versions/C/AppKit
0x0000000001978000 	/System/Library/Frameworks/CoreData.framework/Versions/A/CoreData
0x0000000001978000 	/System/Library/PrivateFrameworks/RemoteViewServices.framework/Versions/A/RemoteViewServices
0x0000000001978000 	/System/Library/PrivateFrameworks/UIFoundation.framework/Versions/A/UIFoundation
0x0000000001978000 	/System/Library/Frameworks/IOSurface.framework/Versions/A/IOSurface
0x0000000001978000 	/System/Library/Frameworks/AudioToolbox.framework/Versions/A/AudioToolbox
0x0000000001978000 	/System/Library/Frameworks/AudioUnit.framework/Versions/A/AudioUnit
0x0000000001978000 	/System/Library/PrivateFrameworks/DataDetectorsCore.framework/Versions/A/DataDetectorsCore
0x0000000001978000 	/System/Library/PrivateFrameworks/DesktopServicesPriv.framework/Versions/A/DesktopServicesPriv
0x0000000001978000 	/System/Library/Frameworks/Carbon.framework/Versions/A/Frameworks/HIToolbox.framework/Versions/A/HIToolbox
0x0000000001978000 	/System/Library/Frameworks/QuartzCore.framework/Versions/A/QuartzCore
0x0000000001978000 	/System/Library/Frameworks/Carbon.framework/Versions/A/Frameworks/SpeechRecognition.framework/Versions/A/SpeechRecognition
0x0000000001978000 	/usr/lib/libauto.dylib
0x0000000001978000 	/usr/lib/libicucore.A.dylib
0x0000000001978000 	/usr/lib/libxml2.2.dylib
0x0000000001978000 	/System/Library/PrivateFrameworks/CoreUI.framework/Versions/A/CoreUI
0x0000000001978000 	/System/Library/Frameworks/CoreAudio.framework/Versions/A/CoreAudio
0x0000000001978000 	/System/Library/Frameworks/DiskArbitration.framework/Versions/A/DiskArbitration
0x0000000001978000 	/usr/lib/liblangid.dylib
0x0000000001978000 	/System/Library/PrivateFrameworks/MultitouchSupport.framework/Versions/A/MultitouchSupport
0x0000000001978000 	/System/Library/Frameworks/IOKit.framework/Versions/A/IOKit
0x0000000001978000 	/usr/lib/libDiagnosticMessagesClient.dylib
0x0000000001978000 	/System/Library/Frameworks/CoreServices.framework/Versions/A/CoreServices
0x0000000001978000 	/System/Library/PrivateFrameworks/PerformanceAnalysis.framework/Versions/A/PerformanceAnalysis
0x0000000001978000 	/System/Library/PrivateFrameworks/GenerationalStorage.framework/Versions/A/GenerationalStorage
0x0000000001978000 	/System/Library/Frameworks/OpenGL.framework/Versions/A/OpenGL
0x0000000001978000 	/System/Library/PrivateFrameworks/Sharing.framework/Versions/A/Sharing
0x0000000001978000 	/System/Library/Frameworks/CoreGraphics.framework/Versions/A/CoreGraphics
0x0000000001978000 	/System/Library/Frameworks/CoreText.framework/Versions/A/CoreText
0x0000000001978000 	/System/Library/Frameworks/ImageIO.framework/Versions/A/ImageIO
0x0000000001978000 	/usr/lib/libextension.dylib
0x0000000001978000 	/System/Library/PrivateFrameworks/Backup.framework/Versions/A/Backup
0x0000000001978000 	/usr/lib/libarchive.2.dylib
0x0000000001978000 	/System/Library/Frameworks/CFNetwork.framework/Versions/A/CFNetwork
0x0000000001978000 	/System/Library/Frameworks/SystemConfiguration.framework/Versions/A/SystemConfiguration
0x0000000001978000 	/usr/lib/libCRFSuite.dylib
0x0000000001978000 	/usr/lib/libc++.1.dylib
0x0000000001978000 	/usr/lib/libc++abi.dylib
0x0000000001978000 	/usr/lib/system/libcache.dylib
0x0000000001978000 	/usr/lib/system/libcommonCrypto.dylib
0x0000000001978000 	/usr/lib/system/libcompiler_rt.dylib
0x0000000001978000 	/usr/lib/system/libcopyfile.dylib
0x0000000001978000 	/usr/lib/system/libcorecrypto.dylib
0x0000000001978000 	/usr/lib/system/libdispatch.dylib
0x0000000001978000 	/usr/lib/system/libdyld.dylib
0x0000000001978000 	/usr/lib/system/libkeymgr.dylib
0x0000000001978000 	/usr/lib/system/liblaunch.dylib
0x0000000001978000 	/usr/lib/system/libmacho.dylib
0x0000000001978000 	/usr/lib/system/libquarantine.dylib
0x0000000001978000 	/usr/lib/system/libremovefile.dylib
0x0000000001978000 	/usr/lib/system/libsystem_asl.dylib
0x0000000001978000 	/usr/lib/system/libsystem_blocks.dylib
0x0000000001978000 	/usr/lib/system/libsystem_c.dylib
0x0000000001978000 	/usr/lib/system/libsystem_configuration.dylib
0x0000000001978000 	/usr/lib/system/libsystem_coreservices.dylib
0x0000000001978000 	/usr/lib/system/libsystem_coretls.dylib
0x0000000001978000 	/usr/lib/system/libsystem_dnssd.dylib
0x0000000001978000 	/usr/lib/system/libsystem_info.dylib
0x0000000001978000 	/usr/lib/system/libsystem_kernel.dylib
0x0000000001978000 	/usr/lib/system/libsystem_m.dylib
0x0000000001978000 	/usr/lib/system/libsystem_malloc.dylib
0x0000000001978000 	/usr/lib/system/libsystem_network.dylib
0x0000000001978000 	/usr/lib/system/libsystem_networkextension.dylib
0x0000000001978000 	/usr/lib/system/libsystem_notify.dylib
0x0000000001978000 	/usr/lib/system/libsystem_platform.dylib
0x0000000001978000 	/usr/lib/system/libsystem_pthread.dylib
0x0000000001978000 	/usr/lib/system/libsystem_sandbox.dylib
0x0000000001978000 	/usr/lib/system/libsystem_secinit.dylib
0x0000000001978000 	/usr/lib/system/libsystem_stats.dylib
0x0000000001978000 	/usr/lib/system/libsystem_trace.dylib
0x0000000001978000 	/usr/lib/system/libunc.dylib
0x0000000001978000 	/usr/lib/system/libunwind.dylib
0x0000000001978000 	/usr/lib/system/libxpc.dylib
0x0000000001978000 	/usr/lib/libbz2.1.0.dylib
0x0000000001978000 	/usr/lib/liblzma.5.dylib
0x0000000001978000 	/usr/lib/libbsm.0.dylib
0x0000000001978000 	/usr/lib/libsqlite3.dylib
0x0000000001978000 	/usr/lib/system/libkxld.dylib
0x0000000001978000 	/usr/lib/libxar.1.dylib
0x0000000001978000 	/usr/lib/libpam.2.dylib
0x0000000001978000 	/usr/lib/libOpenScriptingUtil.dylib
0x0000000001978000 	/System/Library/Frameworks/CoreServices.framework/Versions/A/Frameworks/FSEvents.framework/Versions/A/FSEvents
0x0000000001978000 	/System/Library/Frameworks/CoreServices.framework/Versions/A/Frameworks/CarbonCore.framework/Versions/A/CarbonCore
0x0000000001978000 	/System/Library/Frameworks/CoreServices.framework/Versions/A/Frameworks/Metadata.framework/Versions/A/Metadata
0x0000000001978000 	/System/Library/Frameworks/CoreServices.framework/Versions/A/Frameworks/OSServices.framework/Versions/A/OSServices
0x0000000001978000 	/System/Library/Frameworks/CoreServices.framework/Versions/A/Frameworks/SearchKit.framework/Versions/A/SearchKit
0x0000000001978000 	/System/Library/Frameworks/CoreServices.framework/Versions/A/Frameworks/AE.framework/Versions/A/AE
0x0000000001978000 	/System/Library/Frameworks/CoreServices.framework/Versions/A/Frameworks/LaunchServices.framework/Versions/A/LaunchServices
0x0000000001978000 	/System/Library/Frameworks/CoreServices.framework/Versions/A/Frameworks/DictionaryServices.framework/Versions/A/DictionaryServices
0x0000000001978000 	/System/Library/Frameworks/NetFS.framework/Versions/A/NetFS
0x0000000001978000 	/System/Library/PrivateFrameworks/NetAuth.framework/Versions/A/NetAuth
0x0000000001978000 	/System/Library/PrivateFrameworks/login.framework/Versions/A/Frameworks/loginsupport.framework/Versions/A/loginsupport
0x0000000001978000 	/System/Library/PrivateFrameworks/TCC.framework/Versions/A/TCC
0x0000000001978000 	/usr/lib/libmecabra.dylib
0x0000000001978000 	/System/Library/Frameworks/ApplicationServices.framework/Versions/A/Frameworks/ATS.framework/Versions/A/ATS
0x0000000001978000 	/System/Library/Frameworks/ApplicationServices.framework/Versions/A/Frameworks/ColorSync.framework/Versions/A/ColorSync
0x0000000001978000 	/System/Library/Frameworks/ApplicationServices.framework/Versions/A/Frameworks/HIServices.framework/Versions/A/HIServices
0x0000000001978000 	/System/Library/Frameworks/ApplicationServices.framework/Versions/A/Frameworks/LangAnalysis.framework/Versions/A/LangAnalysis
0x0000000001978000 	/System/Library/Frameworks/ApplicationServices.framework/Versions/A/Frameworks/PrintCore.framework/Versions/A/PrintCore
0x0000000001978000 	/System/Library/Frameworks/ApplicationServices.framework/Versions/A/Frameworks/QD.framework/Versions/A/QD
0x0000000001978000 	/System/Library/Frameworks/ApplicationServices.framework/Versions/A/Frameworks/SpeechSynthesis.framework/Versions/A/SpeechSynthesis
0x0000000001978000 	/System/Library/Frameworks/Accelerate.framework/Versions/A/Accelerate
0x0000000001978000 	/System/Library/Frameworks/Accelerate.framework/Versions/A/Frameworks/vImage.framework/Versions/A/vImage
0x0000000001978000 	/System/Library/Frameworks/Accelerate.framework/Versions/A/Frameworks/vecLib.framework/Versions/A/vecLib
0x0000000001978000 	/System/Library/Frameworks/Accelerate.framework/Versions/A/Frameworks/vecLib.framework/Versions/A/libvDSP.dylib
0x0000000001978000 	/System/Library/Frameworks/Accelerate.framework/Versions/A/Frameworks/vecLib.framework/Versions/A/libvMisc.dylib
0x0000000001978000 	/System/Library/Frameworks/Accelerate.framework/Versions/A/Frameworks/vecLib.framework/Versions/A/libLAPACK.dylib
0x0000000001978000 	/System/Library/Frameworks/Accelerate.framework/Versions/A/Frameworks/vecLib.framework/Versions/A/libBLAS.dylib
0x0000000001978000 	/System/Library/Frameworks/Accelerate.framework/Versions/A/Frameworks/vecLib.framework/Versions/A/libLinearAlgebra.dylib
0x0000000001978000 	/System/Library/Frameworks/ApplicationServices.framework/Versions/A/Frameworks/ATS.framework/Versions/A/Resources/libFontParser.dylib
0x0000000001978000 	/System/Library/Frameworks/ApplicationServices.framework/Versions/A/Frameworks/ATS.framework/Versions/A/Resources/libFontRegistry.dylib
0x0000000001978000 	/System/Library/PrivateFrameworks/AppleVPA.framework/Versions/A/AppleVPA
0x0000000001978000 	/System/Library/PrivateFrameworks/AppleJPEG.framework/Versions/A/AppleJPEG
0x0000000001978000 	/System/Library/Frameworks/ImageIO.framework/Versions/A/Resources/libJPEG.dylib
0x0000000001978000 	/System/Library/Frameworks/ImageIO.framework/Versions/A/Resources/libTIFF.dylib
0x0000000001978000 	/System/Library/Frameworks/ImageIO.framework/Versions/A/Resources/libPng.dylib
0x0000000001978000 	/System/Library/Frameworks/ImageIO.framework/Versions/A/Resources/libGIF.dylib
0x0000000001978000 	/System/Library/Frameworks/ImageIO.framework/Versions/A/Resources/libJP2.dylib
0x0000000001978000 	/System/Library/Frameworks/ImageIO.framework/Versions/A/Resources/libRadiance.dylib
0x0000000001978000 	/System/Library/Frameworks/CoreVideo.framework/Versions/A/CoreVideo
0x0000000001978000 	/System/Library/Frameworks/OpenGL.framework/Versions/A/Libraries/libGLU.dylib
0x0000000001978000 	/System/Library/Frameworks/OpenGL.framework/Versions/A/Libraries/libGFXShared.dylib
0x0000000001978000 	/System/Library/Frameworks/OpenGL.framework/Versions/A/Libraries/libGL.dylib
0x0000000001978000 	/System/Library/Frameworks/OpenGL.framework/Versions/A/Libraries/libGLImage.dylib
0x0000000001978000 	/System/Library/Frameworks/OpenGL.framework/Versions/A/Libraries/libCVMSPluginSupport.dylib
0x0000000001978000 	/System/Library/Frameworks/OpenGL.framework/Versions/A/Libraries/libCoreVMClient.dylib
0x0000000001978000 	/usr/lib/libcups.2.dylib
0x0000000001978000 	/System/Library/Frameworks/Kerberos.framework/Versions/A/Kerberos
0x0000000001978000 	/System/Library/Frameworks/GSS.framework/Versions/A/GSS
0x0000000001978000 	/usr/lib/libresolv.9.dylib
0x0000000001978000 	/usr/lib/libiconv.2.dylib
0x0000000001978000 	/System/Library/PrivateFrameworks/Heimdal.framework/Versions/A/Heimdal
0x0000000001978000 	/usr/lib/libheimdal-asn1.dylib
0x0000000001978000 	/System/Library/Frameworks/OpenDirectory.framework/Versions/A/OpenDirectory
0x0000000001978000 	/System/Library/PrivateFrameworks/CommonAuth.framework/Versions/A/CommonAuth
0x0000000001978000 	/System/Library/Frameworks/OpenDirectory.framework/Versions/A/Frameworks/CFOpenDirectory.framework/Versions/A/CFOpenDirectory
0x0000000001978000 	/System/Library/Frameworks/SecurityFoundation.framework/Versions/A/SecurityFoundation
0x0000000001978000 	/System/Library/PrivateFrameworks/LanguageModeling.framework/Versions/A/LanguageModeling
0x0000000001978000 	/usr/lib/libcmph.dylib
0x0000000001978000 	/System/Library/Frameworks/ServiceManagement.framework/Versions/A/ServiceManagement
0x0000000001978000 	/usr/lib/libxslt.1.dylib
0x0000000001978000 	/System/Library/Frameworks/Carbon.framework/Versions/A/Frameworks/Ink.framework/Versions/A/Ink
0x0000000001978000 	/System/Library/Frameworks/QuartzCore.framework/Versions/A/Frameworks/CoreImage.framework/Versions/A/CoreImage
0x0000000001978000 	/System/Library/PrivateFrameworks/CrashReporterSupport.framework/Versions/A/CrashReporterSupport
0x0000000001978000 	/System/Library/Frameworks/OpenCL.framework/Versions/A/OpenCL
0x0000000001978000 	/System/Library/PrivateFrameworks/FaceCore.framework/Versions/A/FaceCore
0x0000000001978000 	/System/Library/PrivateFrameworks/Ubiquity.framework/Versions/A/Ubiquity
0x0000000001978000 	/System/Library/PrivateFrameworks/IconServices.framework/Versions/A/IconServices
0x0000000001978000 	/System/Library/PrivateFrameworks/ChunkingLibrary.framework/Versions/A/ChunkingLibrary
0x0000000001978000 	/System/Library/PrivateFrameworks/Apple80211.framework/Versions/A/Apple80211
0x0000000001978000 	/System/Library/Frameworks/CoreWLAN.framework/Versions/A/CoreWLAN
0x0000000001978000 	/System/Library/Frameworks/IOBluetooth.framework/Versions/A/IOBluetooth
0x0000000001978000 	/System/Library/PrivateFrameworks/CoreWiFi.framework/Versions/A/CoreWiFi
0x0000000001978000 	/System/Library/Frameworks/CoreBluetooth.framework/Versions/A/CoreBluetooth
0x0000000001978000 	/System/Library/PrivateFrameworks/DebugSymbols.framework/Versions/A/DebugSymbols
0x0000000001978000 	/System/Library/PrivateFrameworks/CoreSymbolication.framework/Versions/A/CoreSymbolication
0x0000000001978000 	/System/Library/PrivateFrameworks/Symbolication.framework/Versions/A/Symbolication
0x0000000001978000 	/System/Library/PrivateFrameworks/SpeechRecognitionCore.framework/Versions/A/SpeechRecognitionCore
0x0000000100e00000 	/Library/Java/JavaVirtualMachines/jdk1.8.0_45.jdk/Contents/Home/jre/lib/server/libjvm.dylib
0x0000000001978000 	/usr/lib/libstdc++.6.dylib
0x000000010050b000 	/Library/Java/JavaVirtualMachines/jdk1.8.0_45.jdk/Contents/Home/jre/lib/libverify.dylib
0x0000000100519000 	/Library/Java/JavaVirtualMachines/jdk1.8.0_45.jdk/Contents/Home/jre/lib/libjava.dylib
0x0000000100558000 	/Library/Java/JavaVirtualMachines/jdk1.8.0_45.jdk/Contents/Home/jre/lib/libzip.dylib
0x0000000114f6d000 	/System/Library/Frameworks/JavaVM.framework/Frameworks/JavaRuntimeSupport.framework/JavaRuntimeSupport
0x00000001005eb000 	/System/Library/Frameworks/JavaVM.framework/Versions/A/Frameworks/JavaNativeFoundation.framework/Versions/A/JavaNativeFoundation
0x0000000114f88000 	/System/Library/Frameworks/JavaVM.framework/Versions/A/JavaVM
0x0000000001978000 	/System/Library/Frameworks/Carbon.framework/Versions/A/Carbon
0x0000000114f95000 	/System/Library/PrivateFrameworks/JavaLaunching.framework/Versions/A/JavaLaunching
0x0000000001978000 	/System/Library/Frameworks/Carbon.framework/Versions/A/Frameworks/CommonPanels.framework/Versions/A/CommonPanels
0x0000000001978000 	/System/Library/Frameworks/Carbon.framework/Versions/A/Frameworks/Help.framework/Versions/A/Help
0x0000000001978000 	/System/Library/Frameworks/Carbon.framework/Versions/A/Frameworks/ImageCapture.framework/Versions/A/ImageCapture
0x0000000001978000 	/System/Library/Frameworks/Carbon.framework/Versions/A/Frameworks/OpenScripting.framework/Versions/A/OpenScripting
0x0000000001978000 	/System/Library/Frameworks/Carbon.framework/Versions/A/Frameworks/Print.framework/Versions/A/Print
0x0000000001978000 	/System/Library/Frameworks/Carbon.framework/Versions/A/Frameworks/SecurityHI.framework/Versions/A/SecurityHI
0x000000011701a000 	/Library/Java/JavaVirtualMachines/jdk1.8.0_45.jdk/Contents/Home/jre/lib/libnet.dylib
0x0000000117031000 	/Library/Java/JavaVirtualMachines/jdk1.8.0_45.jdk/Contents/Home/jre/lib/libnio.dylib

VM Arguments:
jvm_args: -Djline.terminal=jline.UnsupportedTerminal -Dsbt.log.noformat=true -Xmx768M -XX:MaxPermSize=384M 
java_command: /Users/ahmetkucuk/Library/Application Support/IntelliJIdea14/Scala/launcher/sbt-launch.jar < /private/var/folders/1s/nnq8g69j62n2wn3vsplwff000000gn/T/sbt-commands0.lst
java_class_path (initial): /Users/ahmetkucuk/Library/Application Support/IntelliJIdea14/Scala/launcher/sbt-launch.jar
Launcher Type: SUN_STANDARD

Environment Variables:
PATH=/Users/ahmetkucuk/torch/install/bin:/usr/local/bin:/usr/bin:/bin:/usr/sbin:/sbin:/opt/X11/bin:/usr/local/git/bin:/usr/texbin:/Users/ahmetkucuk/Documents/Developer/tools/activator-dist-1.3.6:/Users/ahmetkucuk/torch/install/bin/torch-activate
LD_LIBRARY_PATH=/Users/ahmetkucuk/torch/install/lib:
SHELL=/bin/bash
DISPLAY=/private/tmp/com.apple.launchd.IXFX4SvO4u/org.macosforge.xquartz:0
DYLD_LIBRARY_PATH=/Users/ahmetkucuk/torch/install/lib:

Signal Handlers:
SIGSEGV: [libjvm.dylib+0x58ef95], sa_mask[0]=11111111011111110111111111111111, sa_flags=SA_ONSTACK|SA_RESTART|SA_SIGINFO
SIGBUS: [libjvm.dylib+0x58ef95], sa_mask[0]=11111111011111110111111111111111, sa_flags=SA_RESTART|SA_SIGINFO
SIGFPE: [libjvm.dylib+0x46c108], sa_mask[0]=11111111011111110111111111111111, sa_flags=SA_RESTART|SA_SIGINFO
SIGPIPE: [libjvm.dylib+0x46c108], sa_mask[0]=11111111011111110111111111111111, sa_flags=SA_RESTART|SA_SIGINFO
SIGXFSZ: [libjvm.dylib+0x46c108], sa_mask[0]=11111111011111110111111111111111, sa_flags=SA_RESTART|SA_SIGINFO
SIGILL: [libjvm.dylib+0x46c108], sa_mask[0]=11111111011111110111111111111111, sa_flags=SA_RESTART|SA_SIGINFO
SIGUSR1: SIG_DFL, sa_mask[0]=00000000000000000000000000000000, sa_flags=none
SIGUSR2: [libjvm.dylib+0x46bc26], sa_mask[0]=00100000000000000000000000000000, sa_flags=SA_RESTART|SA_SIGINFO
SIGHUP: [libjvm.dylib+0x46a1f9], sa_mask[0]=11111111011111110111111111111111, sa_flags=SA_RESTART|SA_SIGINFO
SIGINT: [libjvm.dylib+0x46a1f9], sa_mask[0]=11111111011111110111111111111111, sa_flags=SA_RESTART|SA_SIGINFO
SIGTERM: [libjvm.dylib+0x46a1f9], sa_mask[0]=11111111011111110111111111111111, sa_flags=SA_RESTART|SA_SIGINFO
SIGQUIT: [libjvm.dylib+0x46a1f9], sa_mask[0]=11111111011111110111111111111111, sa_flags=SA_RESTART|SA_SIGINFO


---------------  S Y S T E M  ---------------

OS:Bsduname:Darwin 14.5.0 Darwin Kernel Version 14.5.0: Wed Jul 29 02:26:53 PDT 2015; root:xnu-2782.40.9~1/RELEASE_X86_64 x86_64
rlimit: STACK 8192k, CORE 0k, NPROC 709, NOFILE 10240, AS infinity
load average:3.55 2.27 1.84

CPU:total 4 (2 cores per cpu, 2 threads per core) family 6 model 58 stepping 9, cmov, cx8, fxsr, mmx, sse, sse2, sse3, ssse3, sse4.1, sse4.2, popcnt, avx, aes, clmul, erms, ht, tsc, tscinvbit, tscinv

Memory: 4k page, physical 8388608k(22236k free)

/proc/meminfo:


vm_info: Java HotSpot(TM) 64-Bit Server VM (25.45-b02) for bsd-amd64 JRE (1.8.0_45-b14), built on Apr 10 2015 10:46:38 by "java_re" with gcc 4.2.1 (Based on Apple Inc. build 5658) (LLVM build 2336.11.00)

time: Sat Oct 17 23:21:30 2015
elapsed time: 36 seconds (0d 0h 0m 36s)

